<?xml version="1.0" encoding="UTF-8"?>
<robot generator="Robot 3.2.2 (Python 3.9.0 on win32)" generated="20201114 08:18:01.691" rpa="false">
<suite id="s1" name="TC1" source="C:\Users\klynton\PycharmProjects\automation\TestCases\TC1.robot">
<test id="s1-t1" name="LoginTest">
<kw name="Open Browser" library="SeleniumLibrary">
<doc>Opens a new browser instance to the given ``url``.</doc>
<arguments>
<arg>${url}</arg>
<arg>${browser}</arg>
</arguments>
<msg timestamp="20201114 08:18:03.132" level="INFO">Opening browser 'firefox' to base url 'http://demo.nopcommerce.com/'.</msg>
<status status="PASS" starttime="20201114 08:18:03.126" endtime="20201114 08:18:24.433"></status>
</kw>
<kw name="loginToAppplication">
<kw name="Click Link" library="SeleniumLibrary">
<doc>Clicks a link identified by ``locator``.</doc>
<arguments>
<arg>xpath://a[@class='ico-login']</arg>
</arguments>
<msg timestamp="20201114 08:18:24.468" level="INFO">Clicking link 'xpath://a[@class='ico-login']'.</msg>
<status status="PASS" starttime="20201114 08:18:24.466" endtime="20201114 08:18:32.570"></status>
</kw>
<kw name="Input Text" library="SeleniumLibrary">
<doc>Types the given ``text`` into text field identified by ``locator``.</doc>
<arguments>
<arg>id:Email</arg>
<arg>clinkesh57@gmail.com</arg>
</arguments>
<msg timestamp="20201114 08:18:32.574" level="INFO">Typing text 'clinkesh57@gmail.com' into text field 'id:Email'.</msg>
<status status="PASS" starttime="20201114 08:18:32.571" endtime="20201114 08:18:32.986"></status>
</kw>
<kw name="Input Text" library="SeleniumLibrary">
<doc>Types the given ``text`` into text field identified by ``locator``.</doc>
<arguments>
<arg>id:Password</arg>
<arg>Clinkesh@57</arg>
</arguments>
<msg timestamp="20201114 08:18:32.988" level="INFO">Typing text 'Clinkesh@57' into text field 'id:Password'.</msg>
<status status="PASS" starttime="20201114 08:18:32.986" endtime="20201114 08:18:33.187"></status>
</kw>
<kw name="Click Element" library="SeleniumLibrary">
<doc>Click element identified by ``locator``.</doc>
<arguments>
<arg>xpath://div[@class='buttons']//input[@type='submit']</arg>
</arguments>
<msg timestamp="20201114 08:18:33.189" level="INFO">Clicking element 'xpath://div[@class='buttons']//input[@type='submit']'.</msg>
<status status="PASS" starttime="20201114 08:18:33.188" endtime="20201114 08:18:35.628"></status>
</kw>
<status status="PASS" starttime="20201114 08:18:24.464" endtime="20201114 08:18:35.628"></status>
</kw>
<kw name="Close Browser" library="SeleniumLibrary">
<doc>Closes the current browser.</doc>
<status status="PASS" starttime="20201114 08:18:35.632" endtime="20201114 08:18:39.996"></status>
</kw>
<status status="PASS" starttime="20201114 08:18:03.121" endtime="20201114 08:18:39.998" critical="yes"></status>
</test>
<status status="PASS" starttime="20201114 08:18:01.699" endtime="20201114 08:18:40.002"></status>
</suite>
<statistics>
<total>
<stat pass="1" fail="0">Critical Tests</stat>
<stat pass="1" fail="0">All Tests</stat>
</total>
<tag>
</tag>
<suite>
<stat pass="1" fail="0" id="s1" name="TC1">TC1</stat>
</suite>
</statistics>
<errors>
</errors>
</robot>
